This is pdfTeX, Version 3.14159265-2.6-1.40.19 (MiKTeX 2.9.6650) (preloaded format=pdflatex 2018.4.17)  17 APR 2018 23:12
entering extended mode
**./Р›Р°Р±РёСЂРёРЅС‚.tex
(Р›Р°Р±РёСЂРёРЅС‚.tex
LaTeX2e <2018-04-01> patch level 2
Babel <3.18> and hyphenation patterns for 0 language(s) loaded.
(/home/michail/.miktex/texmfs/install/tex/latex/base/article.cls
Document Class: article 2014/09/29 v1.4h Standard LaTeX document class
(/home/michail/.miktex/texmfs/install/tex/latex/base/size12.clo
File: size12.clo 2014/09/29 v1.4h Standard LaTeX file (size option)
)
\c@part=\count80
\c@section=\count81
\c@subsection=\count82
\c@subsubsection=\count83
\c@paragraph=\count84
\c@subparagraph=\count85
\c@figure=\count86
\c@table=\count87
\abovecaptionskip=\skip41
\belowcaptionskip=\skip42
\bibindent=\dimen102
)
(/home/michail/.miktex/texmfs/install/tex/latex/base/fontenc.sty
Package: fontenc 2017/04/05 v2.0i Standard LaTeX package

(/home/michail/.miktex/texmfs/install/tex/latex/cyrillic/t2aenc.def
File: t2aenc.def 2005/09/27 v1.0i Cyrillic encoding definition file
Now handling font encoding T2A ...
... processing UTF-8 mapping file for font encoding T2A

(/home/michail/.miktex/texmfs/install/tex/latex/base/t2aenc.dfu
File: t2aenc.dfu 2018/04/05 v1.2c UTF-8 support for inputenc
   defining Unicode char U+00A4 (decimal 164)
   defining Unicode char U+00A7 (decimal 167)
   defining Unicode char U+00AB (decimal 171)
   defining Unicode char U+00BB (decimal 187)
   defining Unicode char U+0131 (decimal 305)
   defining Unicode char U+0400 (decimal 1024)
   defining Unicode char U+0401 (decimal 1025)
   defining Unicode char U+0402 (decimal 1026)
   defining Unicode char U+0403 (decimal 1027)
   defining Unicode char U+0404 (decimal 1028)
   defining Unicode char U+0405 (decimal 1029)
   defining Unicode char U+0406 (decimal 1030)
   defining Unicode char U+0407 (decimal 1031)
   defining Unicode char U+0408 (decimal 1032)
   defining Unicode char U+0409 (decimal 1033)
   defining Unicode char U+040A (decimal 1034)
   defining Unicode char U+040B (decimal 1035)
   defining Unicode char U+040C (decimal 1036)
   defining Unicode char U+040D (decimal 1037)
   defining Unicode char U+040E (decimal 1038)
   defining Unicode char U+040F (decimal 1039)
   defining Unicode char U+0410 (decimal 1040)
   defining Unicode char U+0411 (decimal 1041)
   defining Unicode char U+0412 (decimal 1042)
   defining Unicode char U+0413 (decimal 1043)
   defining Unicode char U+0414 (decimal 1044)
   defining Unicode char U+0415 (decimal 1045)
   defining Unicode char U+0416 (decimal 1046)
   defining Unicode char U+0417 (decimal 1047)
   defining Unicode char U+0418 (decimal 1048)
   defining Unicode char U+0419 (decimal 1049)
   defining Unicode char U+041A (decimal 1050)
   defining Unicode char U+041B (decimal 1051)
   defining Unicode char U+041C (decimal 1052)
   defining Unicode char U+041D (decimal 1053)
   defining Unicode char U+041E (decimal 1054)
   defining Unicode char U+041F (decimal 1055)
   defining Unicode char U+0420 (decimal 1056)
   defining Unicode char U+0421 (decimal 1057)
   defining Unicode char U+0422 (decimal 1058)
   defining Unicode char U+0423 (decimal 1059)
   defining Unicode char U+0424 (decimal 1060)
   defining Unicode char U+0425 (decimal 1061)
   defining Unicode char U+0426 (decimal 1062)
   defining Unicode char U+0427 (decimal 1063)
   defining Unicode char U+0428 (decimal 1064)
   defining Unicode char U+0429 (decimal 1065)
   defining Unicode char U+042A (decimal 1066)
   defining Unicode char U+042B (decimal 1067)
   defining Unicode char U+042C (decimal 1068)
   defining Unicode char U+042D (decimal 1069)
   defining Unicode char U+042E (decimal 1070)
   defining Unicode char U+042F (decimal 1071)
   defining Unicode char U+0430 (decimal 1072)
   defining Unicode char U+0431 (decimal 1073)
   defining Unicode char U+0432 (decimal 1074)
   defining Unicode char U+0433 (decimal 1075)
   defining Unicode char U+0434 (decimal 1076)
   defining Unicode char U+0435 (decimal 1077)
   defining Unicode char U+0436 (decimal 1078)
   defining Unicode char U+0437 (decimal 1079)
   defining Unicode char U+0438 (decimal 1080)
   defining Unicode char U+0439 (decimal 1081)
   defining Unicode char U+043A (decimal 1082)
   defining Unicode char U+043B (decimal 1083)
   defining Unicode char U+043C (decimal 1084)
   defining Unicode char U+043D (decimal 1085)
   defining Unicode char U+043E (decimal 1086)
   defining Unicode char U+043F (decimal 1087)
   defining Unicode char U+0440 (decimal 1088)
   defining Unicode char U+0441 (decimal 1089)
   defining Unicode char U+0442 (decimal 1090)
   defining Unicode char U+0443 (decimal 1091)
   defining Unicode char U+0444 (decimal 1092)
   defining Unicode char U+0445 (decimal 1093)
   defining Unicode char U+0446 (decimal 1094)
   defining Unicode char U+0447 (decimal 1095)
   defining Unicode char U+0448 (decimal 1096)
   defining Unicode char U+0449 (decimal 1097)
   defining Unicode char U+044A (decimal 1098)
   defining Unicode char U+044B (decimal 1099)
   defining Unicode char U+044C (decimal 1100)
   defining Unicode char U+044D (decimal 1101)
   defining Unicode char U+044E (decimal 1102)
   defining Unicode char U+044F (decimal 1103)
   defining Unicode char U+0450 (decimal 1104)
   defining Unicode char U+0451 (decimal 1105)
   defining Unicode char U+0452 (decimal 1106)
   defining Unicode char U+0453 (decimal 1107)
   defining Unicode char U+0454 (decimal 1108)
   defining Unicode char U+0455 (decimal 1109)
   defining Unicode char U+0456 (decimal 1110)
   defining Unicode char U+0457 (decimal 1111)
   defining Unicode char U+0458 (decimal 1112)
   defining Unicode char U+0459 (decimal 1113)
   defining Unicode char U+045A (decimal 1114)
   defining Unicode char U+045B (decimal 1115)
   defining Unicode char U+045C (decimal 1116)
   defining Unicode char U+045D (decimal 1117)
   defining Unicode char U+045E (decimal 1118)
   defining Unicode char U+045F (decimal 1119)
   defining Unicode char U+0490 (decimal 1168)
   defining Unicode char U+0491 (decimal 1169)
   defining Unicode char U+0492 (decimal 1170)
   defining Unicode char U+0493 (decimal 1171)
   defining Unicode char U+0496 (decimal 1174)
   defining Unicode char U+0497 (decimal 1175)
   defining Unicode char U+0498 (decimal 1176)
   defining Unicode char U+0499 (decimal 1177)
   defining Unicode char U+049A (decimal 1178)
   defining Unicode char U+049B (decimal 1179)
   defining Unicode char U+049C (decimal 1180)
   defining Unicode char U+049D (decimal 1181)
   defining Unicode char U+04A0 (decimal 1184)
   defining Unicode char U+04A1 (decimal 1185)
   defining Unicode char U+04A2 (decimal 1186)
   defining Unicode char U+04A3 (decimal 1187)
   defining Unicode char U+04A4 (decimal 1188)
   defining Unicode char U+04A5 (decimal 1189)
   defining Unicode char U+04AA (decimal 1194)
   defining Unicode char U+04AB (decimal 1195)
   defining Unicode char U+04AE (decimal 1198)
   defining Unicode char U+04AF (decimal 1199)
   defining Unicode char U+04B0 (decimal 1200)
   defining Unicode char U+04B1 (decimal 1201)
   defining Unicode char U+04B2 (decimal 1202)
   defining Unicode char U+04B3 (decimal 1203)
   defining Unicode char U+04B6 (decimal 1206)
   defining Unicode char U+04B7 (decimal 1207)
   defining Unicode char U+04B8 (decimal 1208)
   defining Unicode char U+04B9 (decimal 1209)
   defining Unicode char U+04BA (decimal 1210)
   defining Unicode char U+04BB (decimal 1211)
   defining Unicode char U+04C0 (decimal 1216)
   defining Unicode char U+04C1 (decimal 1217)
   defining Unicode char U+04C2 (decimal 1218)
   defining Unicode char U+04D0 (decimal 1232)
   defining Unicode char U+04D1 (decimal 1233)
   defining Unicode char U+04D2 (decimal 1234)
   defining Unicode char U+04D3 (decimal 1235)
   defining Unicode char U+04D4 (decimal 1236)
   defining Unicode char U+04D5 (decimal 1237)
   defining Unicode char U+04D6 (decimal 1238)
   defining Unicode char U+04D7 (decimal 1239)
   defining Unicode char U+04D8 (decimal 1240)
   defining Unicode char U+04D9 (decimal 1241)
   defining Unicode char U+04DA (decimal 1242)
   defining Unicode char U+04DB (decimal 1243)
   defining Unicode char U+04DC (decimal 1244)
   defining Unicode char U+04DD (decimal 1245)
   defining Unicode char U+04DE (decimal 1246)
   defining Unicode char U+04DF (decimal 1247)
   defining Unicode char U+04E2 (decimal 1250)
   defining Unicode char U+04E3 (decimal 1251)
   defining Unicode char U+04E4 (decimal 1252)
   defining Unicode char U+04E5 (decimal 1253)
   defining Unicode char U+04E6 (decimal 1254)
   defining Unicode char U+04E7 (decimal 1255)
   defining Unicode char U+04E8 (decimal 1256)
   defining Unicode char U+04E9 (decimal 1257)
   defining Unicode char U+04EC (decimal 1260)
   defining Unicode char U+04ED (decimal 1261)
   defining Unicode char U+04EE (decimal 1262)
   defining Unicode char U+04EF (decimal 1263)
   defining Unicode char U+04F0 (decimal 1264)
   defining Unicode char U+04F1 (decimal 1265)
   defining Unicode char U+04F2 (decimal 1266)
   defining Unicode char U+04F3 (decimal 1267)
   defining Unicode char U+04F4 (decimal 1268)
   defining Unicode char U+04F5 (decimal 1269)
   defining Unicode char U+04F8 (decimal 1272)
   defining Unicode char U+04F9 (decimal 1273)
   defining Unicode char U+200C (decimal 8204)
   defining Unicode char U+2013 (decimal 8211)
   defining Unicode char U+2014 (decimal 8212)
   defining Unicode char U+2018 (decimal 8216)
   defining Unicode char U+2019 (decimal 8217)
   defining Unicode char U+201C (decimal 8220)
   defining Unicode char U+201D (decimal 8221)
   defining Unicode char U+201E (decimal 8222)
   defining Unicode char U+2030 (decimal 8240)
   defining Unicode char U+2031 (decimal 8241)
   defining Unicode char U+2116 (decimal 8470)
   defining Unicode char U+2329 (decimal 9001)
   defining Unicode char U+232A (decimal 9002)
   defining Unicode char U+2423 (decimal 9251)
))
LaTeX Font Info:    Try loading font information for T2A+cmr on input line 105.


(/home/michail/.miktex/texmfs/install/tex/latex/cyrillic/t2acmr.fd
File: t2acmr.fd 2001/08/11 v1.0a Computer Modern Cyrillic font definitions
))
(/home/michail/.miktex/texmfs/install/tex/latex/base/inputenc.sty
Package: inputenc 2018/04/06 v1.3b Input encoding file
\inpenc@prehook=\toks14
\inpenc@posthook=\toks15
)
(/home/michail/.miktex/texmfs/install/tex/generic/babel/babel.sty
Package: babel 2018/02/14 3.18 The Babel package

(/home/michail/.miktex/texmfs/install/tex/generic/babel/switch.def
File: switch.def 2018/02/14 3.18 Babel switching mechanism
)
*************************************
* Local config file bblopts.cfg used
*
(/home/michail/.miktex/texmfs/install/tex/latex/arabi/bblopts.cfg
File: bblopts.cfg 2005/09/08 v0.1 add Arabic and Farsi to "declared" options of
 babel
)
(/home/michail/.miktex/texmfs/install/tex/latex/babel-english/english.ldf
Language: english 2017/06/06 v3.3r English support from the babel system

(/home/michail/.miktex/texmfs/install/tex/generic/babel/babel.def
File: babel.def 2018/02/14 3.18 Babel common definitions
\babel@savecnt=\count88
\U@D=\dimen103

(/home/michail/.miktex/texmfs/install/tex/generic/babel/txtbabel.def)
\bbl@dirlevel=\count89
)
\l@british = a dialect from \language\l@english 
\l@UKenglish = a dialect from \language\l@english 
\l@american = a dialect from \language\l@english 
\l@canadian = a dialect from \language\l@american 
\l@australian = a dialect from \language\l@british 
\l@newzealand = a dialect from \language\l@british 
)
(/home/michail/.miktex/texmfs/install/tex/latex/babel-russian/russianb.ldf
Language: russian 2017/08/12 1.3j Russian support for the Babel system


Package babel Warning: No hyphenation patterns were preloaded for
(babel)                the language `Russian' into the format.
(babel)                Please, configure your TeX system to add them and
(babel)                rebuild the format. Now I will use the patterns
(babel)                preloaded for \language=0 instead on input line 28.

\l@russian = a dialect from \language0
Package babel Info: Making " an active character on input line 120.
Package babel Info: Default for \cyrdash is provided on input line 157.
)) (/home/michail/.miktex/texmfs/install/tex/latex/amsmath/amsmath.sty
Package: amsmath 2017/09/02 v2.17a AMS math features
\@mathmargin=\skip43

For additional information on amsmath, use the `?' option.
(/home/michail/.miktex/texmfs/install/tex/latex/amsmath/amstext.sty
Package: amstext 2000/06/29 v2.01 AMS text

(/home/michail/.miktex/texmfs/install/tex/latex/amsmath/amsgen.sty
File: amsgen.sty 1999/11/30 v2.0 generic functions
\@emptytoks=\toks16
\ex@=\dimen104
))
(/home/michail/.miktex/texmfs/install/tex/latex/amsmath/amsbsy.sty
Package: amsbsy 1999/11/29 v1.2d Bold Symbols
\pmbraise@=\dimen105
)
(/home/michail/.miktex/texmfs/install/tex/latex/amsmath/amsopn.sty
Package: amsopn 2016/03/08 v2.02 operator names
)
\inf@bad=\count90
LaTeX Info: Redefining \frac on input line 213.
\uproot@=\count91
\leftroot@=\count92
LaTeX Info: Redefining \overline on input line 375.
\classnum@=\count93
\DOTSCASE@=\count94
LaTeX Info: Redefining \ldots on input line 472.
LaTeX Info: Redefining \dots on input line 475.
LaTeX Info: Redefining \cdots on input line 596.
\Mathstrutbox@=\box26
\strutbox@=\box27
\big@size=\dimen106
LaTeX Font Info:    Redeclaring font encoding OML on input line 712.
LaTeX Font Info:    Redeclaring font encoding OMS on input line 713.
\macc@depth=\count95
\c@MaxMatrixCols=\count96
\dotsspace@=\muskip10
\c@parentequation=\count97
\dspbrk@lvl=\count98
\tag@help=\toks17
\row@=\count99
\column@=\count100
\maxfields@=\count101
\andhelp@=\toks18
\eqnshift@=\dimen107
\alignsep@=\dimen108
\tagshift@=\dimen109
\tagwidth@=\dimen110
\totwidth@=\dimen111
\lineht@=\dimen112
\@envbody=\toks19
\multlinegap=\skip44
\multlinetaggap=\skip45
\mathdisplay@stack=\toks20
LaTeX Info: Redefining \[ on input line 2817.
LaTeX Info: Redefining \] on input line 2818.
)
(/home/michail/.miktex/texmfs/install/tex/latex/listings/listings.sty
(/home/michail/.miktex/texmfs/install/tex/latex/graphics/keyval.sty
Package: keyval 2014/10/28 v1.15 key=value parser (DPC)
\KV@toks@=\toks21
)
\lst@mode=\count102
\lst@gtempboxa=\box28
\lst@token=\toks22
\lst@length=\count103
\lst@currlwidth=\dimen113
\lst@column=\count104
\lst@pos=\count105
\lst@lostspace=\dimen114
\lst@width=\dimen115
\lst@newlines=\count106
\lst@lineno=\count107
\lst@maxwidth=\dimen116

(/home/michail/.miktex/texmfs/install/tex/latex/listings/lstmisc.sty
File: lstmisc.sty 2015/06/04 1.6 (Carsten Heinz)
\c@lstnumber=\count108
\lst@skipnumbers=\count109
\lst@framebox=\box29
)
(/home/michail/.miktex/texmfs/install/tex/latex/listings/listings.cfg
File: listings.cfg 2015/06/04 1.6 listings configuration
))
Package: listings 2015/06/04 1.6 (Carsten Heinz)

(/home/michail/.miktex/texmfs/install/tex/latex/graphics/graphicx.sty
Package: graphicx 2017/06/01 v1.1a Enhanced LaTeX Graphics (DPC,SPQR)

(/home/michail/.miktex/texmfs/install/tex/latex/graphics/graphics.sty
Package: graphics 2017/06/25 v1.2c Standard LaTeX Graphics (DPC,SPQR)

(/home/michail/.miktex/texmfs/install/tex/latex/graphics/trig.sty
Package: trig 2016/01/03 v1.10 sin cos tan (DPC)
)
(/home/michail/.miktex/texmfs/install/tex/latex/graphics-cfg/graphics.cfg
File: graphics.cfg 2016/06/04 v1.11 sample graphics configuration
)
Package graphics Info: Driver file: pdftex.def on input line 99.

(/home/michail/.miktex/texmfs/install/tex/latex/graphics-def/pdftex.def
File: pdftex.def 2018/01/08 v1.0l Graphics/color driver for pdftex
))
\Gin@req@height=\dimen117
\Gin@req@width=\dimen118
)
(/home/michail/.miktex/texmfs/install/tex/latex/amsfonts/amssymb.sty
Package: amssymb 2013/01/14 v3.01 AMS font symbols

(/home/michail/.miktex/texmfs/install/tex/latex/amsfonts/amsfonts.sty
Package: amsfonts 2013/01/14 v3.01 Basic AMSFonts support
\symAMSa=\mathgroup4
\symAMSb=\mathgroup5
LaTeX Font Info:    Overwriting math alphabet `\mathfrak' in version `bold'
(Font)                  U/euf/m/n --> U/euf/b/n on input line 106.
))
(/home/michail/.miktex/texmfs/install/tex/latex/float/float.sty
Package: float 2001/11/08 v1.3d Float enhancements (AL)
\c@float@type=\count110
\float@exts=\toks23
\float@box=\box30
\@float@everytoks=\toks24
\@floatcapt=\box31
)
(/home/michail/.miktex/texmfs/install/tex/latex/amscls/amsthm.sty
Package: amsthm 2017/10/31 v2.20.4
\thm@style=\toks25
\thm@bodyfont=\toks26
\thm@headfont=\toks27
\thm@notefont=\toks28
\thm@headpunct=\toks29
\thm@preskip=\skip46
\thm@postskip=\skip47
\thm@headsep=\skip48
\dth@everypar=\toks30
)
\c@claim=\count111

(Р›Р°Р±РёСЂРёРЅС‚.aux)
\openout1 = `Р›Р°Р±РёСЂРёРЅС‚.aux'.

LaTeX Font Info:    Checking defaults for OML/cmm/m/it on input line 17.
LaTeX Font Info:    ... okay on input line 17.
LaTeX Font Info:    Checking defaults for T1/cmr/m/n on input line 17.
LaTeX Font Info:    ... okay on input line 17.
LaTeX Font Info:    Checking defaults for OT1/cmr/m/n on input line 17.
LaTeX Font Info:    ... okay on input line 17.
LaTeX Font Info:    Checking defaults for OMS/cmsy/m/n on input line 17.
LaTeX Font Info:    ... okay on input line 17.
LaTeX Font Info:    Checking defaults for OMX/cmex/m/n on input line 17.
LaTeX Font Info:    ... okay on input line 17.
LaTeX Font Info:    Checking defaults for U/cmr/m/n on input line 17.
LaTeX Font Info:    ... okay on input line 17.
LaTeX Font Info:    Checking defaults for T2A/cmr/m/n on input line 17.
LaTeX Font Info:    ... okay on input line 17.
\c@lstlisting=\count112

(/home/michail/.miktex/texmfs/install/tex/context/base/supp-pdf.mkii
[Loading MPS to PDF converter (version 2006.09.02).]
\scratchcounter=\count113
\scratchdimen=\dimen119
\scratchbox=\box32
\nofMPsegments=\count114
\nofMParguments=\count115
\everyMPshowfont=\toks31
\MPscratchCnt=\count116
\MPscratchDim=\dimen120
\MPnumerator=\count117
\makeMPintoPDFobject=\count118
\everyMPtoPDFconversion=\toks32
) (/home/michail/.miktex/texmfs/install/tex/latex/oberdiek/epstopdf-base.sty
Package: epstopdf-base 2016/05/15 v2.6 Base part for package epstopdf

(/home/michail/.miktex/texmfs/install/tex/generic/oberdiek/infwarerr.sty
Package: infwarerr 2016/05/16 v1.4 Providing info/warning/error messages (HO)
)
(/home/michail/.miktex/texmfs/install/tex/latex/oberdiek/grfext.sty
Package: grfext 2016/05/16 v1.2 Manage graphics extensions (HO)

(/home/michail/.miktex/texmfs/install/tex/generic/oberdiek/kvdefinekeys.sty
Package: kvdefinekeys 2016/05/16 v1.4 Define keys (HO)

(/home/michail/.miktex/texmfs/install/tex/generic/oberdiek/ltxcmds.sty
Package: ltxcmds 2016/05/16 v1.23 LaTeX kernel commands for general use (HO)
)))
(/home/michail/.miktex/texmfs/install/tex/latex/oberdiek/kvoptions.sty
Package: kvoptions 2016/05/16 v3.12 Key value format for package options (HO)

(/home/michail/.miktex/texmfs/install/tex/generic/oberdiek/kvsetkeys.sty
Package: kvsetkeys 2016/05/16 v1.17 Key value parser (HO)

(/home/michail/.miktex/texmfs/install/tex/generic/oberdiek/etexcmds.sty
Package: etexcmds 2016/05/16 v1.6 Avoid name clashes with e-TeX commands (HO)

(/home/michail/.miktex/texmfs/install/tex/generic/oberdiek/ifluatex.sty
Package: ifluatex 2016/05/16 v1.4 Provides the ifluatex switch (HO)
Package ifluatex Info: LuaTeX not detected.
)
Package etexcmds Info: Could not find \expanded.
(etexcmds)             That can mean that you are not using pdfTeX 1.50 or
(etexcmds)             that some package has redefined \expanded.
(etexcmds)             In the latter case, load this package earlier.
)))
(/home/michail/.miktex/texmfs/install/tex/generic/oberdiek/pdftexcmds.sty
Package: pdftexcmds 2018/01/30 v0.27 Utility functions of pdfTeX for LuaTeX (HO
)

(/home/michail/.miktex/texmfs/install/tex/generic/oberdiek/ifpdf.sty
Package: ifpdf 2017/03/15 v3.2 Provides the ifpdf switch
)
Package pdftexcmds Info: LuaTeX not detected.
Package pdftexcmds Info: \pdf@primitive is available.
Package pdftexcmds Info: \pdf@ifprimitive is available.
Package pdftexcmds Info: \pdfdraftmode found.
)
Package epstopdf-base Info: Redefining graphics rule for `.eps' on input line 4
38.
Package grfext Info: Graphics extension search list:
(grfext)             [.pdf,.png,.jpg,.eps]
(grfext)             \AppendGraphicsExtensions on input line 456.
)
LaTeX Font Info:    Try loading font information for U+msa on input line 26.

(/home/michail/.miktex/texmfs/install/tex/latex/amsfonts/umsa.fd
File: umsa.fd 2013/01/14 v3.01 AMS symbols A
)
LaTeX Font Info:    Try loading font information for U+msb on input line 26.

(/home/michail/.miktex/texmfs/install/tex/latex/amsfonts/umsb.fd
File: umsb.fd 2013/01/14 v3.01 AMS symbols B
)
Overfull \hbox (10.54732pt too wide) in paragraph at lines 26--27
\T2A/cmr/m/n/12 из ячеек, у каждой из которых некоторые из 4 стенок открыты, а 
остальные
 []


Overfull \hbox (51.51332pt too wide) in paragraph at lines 28--29
\T2A/cmr/m/n/12 помощью клеточного автомата (т. е. параллельных вычислителей, л
окализованных
 []

LaTeX Font Info:    Try loading font information for OMS+cmr on input line 33.
(/home/michail/.miktex/texmfs/install/tex/latex/base/omscmr.fd
File: omscmr.fd 2014/09/29 v2.5h Standard LaTeX font definitions
)
LaTeX Font Info:    Font shape `OMS/cmr/m/n' in size <12> not available
(Font)              Font shape `OMS/cmsy/m/n' tried instead on input line 33.

Overfull \hbox (0.91711pt too wide) in paragraph at lines 33--34
[]\T2A/cmr/m/n/12 инициализация КА: предварительное отображение ячеек лабиринта

 []


Overfull \hbox (5.9832pt too wide) in paragraph at lines 33--34
\T2A/cmr/m/n/12 связях ячейки с ближайшими соседями и принадлежности к ячейкам
 []


Overfull \hbox (14.46725pt too wide) in paragraph at lines 34--35
\T2A/cmr/m/n/12 ближайших соседей (одновременное однократное изменение состояни
й
 []


Overfull \hbox (16.42516pt too wide) in paragraph at lines 35--36
\T2A/cmr/m/n/12 бы один (дизъюнктивный вариант) переходят в некоторые выделенны
е
 []

[1

{/home/michail/.miktex/texmfs/data/pdftex/config/pdftex.map}]
Overfull \hbox (9.73091pt too wide) in paragraph at lines 40--41
[]\T2A/cmr/m/n/12 В данной работе будет предъявлен алгоритм, решающий данную за
дачу
 []


Overfull \hbox (40.07246pt too wide) in paragraph at lines 40--41
\T2A/cmr/m/n/12 за $\OML/cmm/m/it/12 O\OT1/cmr/m/n/12 (\OML/cmm/m/it/12 n\OT1/c
mr/m/n/12 )$ \T2A/cmr/m/n/12 итераций КА и доказана принципиальная невозможност
ь существования
 []


Underfull \hbox (badness 10000) in paragraph at lines 46--47

 []


Overfull \hbox (32.90175pt too wide) in paragraph at lines 48--49
[]\T2A/cmr/m/n/12 Для кодирования данной информации потребуется $\OT1/cmr/m/n/1
2 6$\T2A/cmr/m/n/12 . Условимся кодировать
 []


Overfull \hbox (11.69087pt too wide) in paragraph at lines 59--60
[]\T2A/cmr/m/n/12 Схематичное изображение битов и кодируемых им объектов изобра
жено
 []

<draw1.png, id=11, 597.73312pt x 845.40843pt>
File: draw1.png Graphic file (type png)
<use draw1.png>
Package pdftex.def Info: draw1.png  used on input line 66.
(pdftex.def)             Requested size: 155.99762pt x 220.6395pt.

Underfull \hbox (badness 10000) in paragraph at lines 67--67
[]\T2A/cmr/m/n/12 Рис. 1: Связь элементов
 []

<draw2.png, id=13, 453.19313pt x 453.19313pt>
File: draw2.png Graphic file (type png)
<use draw2.png>
Package pdftex.def Info: draw2.png  used on input line 74.
(pdftex.def)             Requested size: 155.99762pt x 155.99911pt.

Underfull \hbox (badness 1412) in paragraph at lines 75--75
[]\T2A/cmr/m/n/12 Рис. 2: Пример кодировки
 []


Overfull \hbox (17.62482pt too wide) in paragraph at lines 62--80
[]$[]$ 
 []

[2]
Overfull \hbox (0.59763pt too wide) in paragraph at lines 81--82
[]\T2A/cmr/m/n/12 Отметим что, кодировка начальных состояний однозначно определ
яет
 []


Overfull \hbox (52.63982pt too wide) in paragraph at lines 81--82
\T2A/cmr/m/n/12 стенки в лабиринте, поэтому изменение состояний автоматов можно
 рассматривать
 []


Overfull \hbox (15.76555pt too wide) in paragraph at lines 83--84
\T2A/cmr/m/n/12 состояния автоматов в ячейках в соответствии с заданной схемой 
лабиринта. 
 []


Overfull \hbox (13.15779pt too wide) in paragraph at lines 85--86
\T2A/cmr/m/n/12 того, чтобы правила, которые мы приведјм ниже работали и для гр
аничных
 []


Overfull \hbox (22.77708pt too wide) in paragraph at lines 89--91
\T2A/cmr/m/n/12 Как отмечалось в конце предыдущего пункта изменения состояний а
втоматов
 []


Overfull \hbox (7.7723pt too wide) in paragraph at lines 89--91
\T2A/cmr/m/n/12 можно рассматривать как преобразование лабиринта, поэтому далее
 будем
 []


Overfull \hbox (27.34961pt too wide) in paragraph at lines 89--91
\T2A/cmr/m/n/12 говорить о добавлении/удалении стенок и перемещение точек старт
а/финиша,
 []

[3 <./draw1.png> <./draw2.png>]
Overfull \hbox (1.08774pt too wide) in paragraph at lines 93--94
[]\T2A/cmr/m/n/12 Если клетка содержит левый-верхний уголок, добавить в эту кле
тку
 []


Overfull \hbox (12.18356pt too wide) in paragraph at lines 94--95
[]\T2A/cmr/m/n/12 Если клетка содержит старт/финиш, и из неј есть путь вниз, см
естить
 []

<rule1.png, id=23, 301.125pt x 150.5625pt>
File: rule1.png Graphic file (type png)
<use rule1.png>
Package pdftex.def Info: rule1.png  used on input line 101.
(pdftex.def)             Requested size: 155.99762pt x 78.00117pt.
<rule2.png, id=24, 301.125pt x 150.5625pt>
File: rule2.png Graphic file (type png)
<use rule2.png>
Package pdftex.def Info: rule2.png  used on input line 107.
(pdftex.def)             Requested size: 155.99762pt x 78.00117pt.
<rule3.png, id=25, 301.125pt x 150.5625pt>
File: rule3.png Graphic file (type png)
<use rule3.png>
Package pdftex.def Info: rule3.png  used on input line 113.
(pdftex.def)             Requested size: 155.99762pt x 78.00117pt.
[4 <./rule1.png> <./rule2.png>]
Underfull \hbox (badness 10000) in paragraph at lines 120--121

 []


Overfull \hbox (53.61871pt too wide) in paragraph at lines 122--123
[]\T2A/cmr/m/n/12 Автомат также прекратит работу, если старт/финиш окажется в и
золированной
 []


Underfull \hbox (badness 10000) in paragraph at lines 122--123

 []


Overfull \hbox (75.15512pt too wide) in paragraph at lines 124--125
[]\T2A/cmr/m/n/12 Далее будет показано, что такой клеточный автомат позволяет "
свернуть"лабиринт,
 []


Overfull \hbox (4.67233pt too wide) in paragraph at lines 124--125
\T2A/cmr/m/n/12 так, что если старт и финиш располагались в одной компоненте св
язности,
 []


Overfull \hbox (12.67014pt too wide) in paragraph at lines 124--125
\T2A/cmr/m/n/12 то в преобразованном лабиринте они окажутся в одной клетке. В п
ротивном
 []

<1-1.png, id=31, 1004.75375pt x 1032.85875pt>
File: 1-1.png Graphic file (type png)
<use 1-1.png>
Package pdftex.def Info: 1-1.png  used on input line 134.
(pdftex.def)             Requested size: 124.80286pt x 128.28749pt.
<1-2.png, id=32, 1004.75375pt x 1032.85875pt>
File: 1-2.png Graphic file (type png)
<use 1-2.png>
Package pdftex.def Info: 1-2.png  used on input line 138.
(pdftex.def)             Requested size: 124.80286pt x 128.28749pt.
<1-3.png, id=33, 1004.75375pt x 1032.85875pt>
File: 1-3.png Graphic file (type png)
<use 1-3.png>
Package pdftex.def Info: 1-3.png  used on input line 142.
(pdftex.def)             Requested size: 124.80286pt x 128.28749pt.
<1-4.png, id=34, 1004.75375pt x 1032.85875pt>
File: 1-4.png Graphic file (type png)
<use 1-4.png>
Package pdftex.def Info: 1-4.png  used on input line 146.
(pdftex.def)             Requested size: 124.80286pt x 128.28749pt.
<1-5.png, id=35, 1004.75375pt x 1032.85875pt>
File: 1-5.png Graphic file (type png)
<use 1-5.png>
Package pdftex.def Info: 1-5.png  used on input line 150.
(pdftex.def)             Requested size: 124.80286pt x 128.28749pt.
<1-6.png, id=36, 1004.75375pt x 1032.85875pt>
File: 1-6.png Graphic file (type png)
<use 1-6.png>
Package pdftex.def Info: 1-6.png  used on input line 154.
(pdftex.def)             Requested size: 124.80286pt x 128.28749pt.
<1-7.png, id=37, 1004.75375pt x 1032.85875pt>
File: 1-7.png Graphic file (type png)
<use 1-7.png>
Package pdftex.def Info: 1-7.png  used on input line 158.
(pdftex.def)             Requested size: 124.80286pt x 128.28749pt.
<1-8.png, id=38, 1004.75375pt x 1032.85875pt>
File: 1-8.png Graphic file (type png)
<use 1-8.png>
Package pdftex.def Info: 1-8.png  used on input line 162.
(pdftex.def)             Requested size: 124.80286pt x 128.28749pt.
<1-9.png, id=39, 1004.75375pt x 1032.85875pt>
File: 1-9.png Graphic file (type png)
<use 1-9.png>
Package pdftex.def Info: 1-9.png  used on input line 166.
(pdftex.def)             Requested size: 124.80286pt x 128.28749pt.
[5 <./rule3.png>]
<2-1.png, id=44, 1004.75375pt x 1032.85875pt>
File: 2-1.png Graphic file (type png)
<use 2-1.png>
Package pdftex.def Info: 2-1.png  used on input line 177.
(pdftex.def)             Requested size: 117.00119pt x 120.26558pt.
<2-2.png, id=45, 1004.75375pt x 1032.85875pt>
File: 2-2.png Graphic file (type png)
<use 2-2.png>
Package pdftex.def Info: 2-2.png  used on input line 181.
(pdftex.def)             Requested size: 117.00119pt x 120.26558pt.
<2-3.png, id=46, 1004.75375pt x 1032.85875pt>
File: 2-3.png Graphic file (type png)
<use 2-3.png>
Package pdftex.def Info: 2-3.png  used on input line 185.
(pdftex.def)             Requested size: 117.00119pt x 120.26558pt.
<2-4.png, id=47, 1004.75375pt x 1032.85875pt>
File: 2-4.png Graphic file (type png)
<use 2-4.png>
Package pdftex.def Info: 2-4.png  used on input line 189.
(pdftex.def)             Requested size: 117.00119pt x 120.26558pt.
<2-5.png, id=48, 1004.75375pt x 1032.85875pt>
File: 2-5.png Graphic file (type png)
<use 2-5.png>
Package pdftex.def Info: 2-5.png  used on input line 193.
(pdftex.def)             Requested size: 117.00119pt x 120.26558pt.
<2-6.png, id=49, 1004.75375pt x 1032.85875pt>
File: 2-6.png Graphic file (type png)
<use 2-6.png>
Package pdftex.def Info: 2-6.png  used on input line 197.
(pdftex.def)             Requested size: 117.00119pt x 120.26558pt.
<2-7.png, id=50, 1004.75375pt x 1032.85875pt>
File: 2-7.png Graphic file (type png)
<use 2-7.png>
Package pdftex.def Info: 2-7.png  used on input line 201.
(pdftex.def)             Requested size: 117.00119pt x 120.26558pt.
<2-9.png, id=51, 1004.75375pt x 1032.85875pt>
File: 2-9.png Graphic file (type png)
<use 2-9.png>
Package pdftex.def Info: 2-9.png  used on input line 205.
(pdftex.def)             Requested size: 117.00119pt x 120.26558pt.
<2-10.png, id=52, 1004.75375pt x 1032.85875pt>
File: 2-10.png Graphic file (type png)
<use 2-10.png>
Package pdftex.def Info: 2-10.png  used on input line 209.
(pdftex.def)             Requested size: 117.00119pt x 120.26558pt.
<2-11.png, id=53, 1004.75375pt x 1032.85875pt>
File: 2-11.png Graphic file (type png)
<use 2-11.png>
Package pdftex.def Info: 2-11.png  used on input line 213.
(pdftex.def)             Requested size: 117.00119pt x 120.26558pt.
<2-12.png, id=54, 1004.75375pt x 1032.85875pt>
File: 2-12.png Graphic file (type png)
<use 2-12.png>
Package pdftex.def Info: 2-12.png  used on input line 217.
(pdftex.def)             Requested size: 117.00119pt x 120.26558pt.
<2-13.png, id=55, 1004.75375pt x 1032.85875pt>
File: 2-13.png Graphic file (type png)
<use 2-13.png>
Package pdftex.def Info: 2-13.png  used on input line 221.
(pdftex.def)             Requested size: 117.00119pt x 120.26558pt.
<2-14.png, id=56, 1004.75375pt x 1032.85875pt>
File: 2-14.png Graphic file (type png)
<use 2-14.png>
Package pdftex.def Info: 2-14.png  used on input line 225.
(pdftex.def)             Requested size: 117.00119pt x 120.26558pt.
 [6 <./1-1.png> <./1-2.png> <./1-3.png> <./1-4.png> <./1-5.png> <./1-6.png> <./
1-7.png> <./1-8.png> <./1-9.png>]
Overfull \vbox (79.82497pt too high) has occurred while \output is active []


[7 <./2-1.png> <./2-2.png> <./2-3.png> <./2-4.png> <./2-5.png> <./2-6.png> <./2
-7.png> <./2-9.png> <./2-10.png> <./2-11.png> <./2-12.png> <./2-13.png> <./2-14
.png>]
Overfull \hbox (3.21175pt too wide) in paragraph at lines 239--240
\T2A/cmr/m/n/12 существовать. Заметим, что путь может исчезнуть только при доба
влении
 []


Overfull \hbox (18.05302pt too wide) in paragraph at lines 243--244
[]\T2A/cmr/m/n/12 Вначале рассмотрим случай, когда уголок не явлется стартом/ ф
инишем.
 []

<another_way.png, id=86, 301.125pt x 602.25pt>
File: another_way.png Graphic file (type png)
<use another_way.png>
Package pdftex.def Info: another_way.png  used on input line 247.
(pdftex.def)             Requested size: 97.5pt x 195.00294pt.
[8]
Overfull \hbox (18.21619pt too wide) in paragraph at lines 252--253
[]\T2A/cmr/m/n/12 Рассмотрим теперь случай, когда уголок является стартом или ф
инишем.
 []


Overfull \hbox (26.53735pt too wide) in paragraph at lines 252--253
\T2A/cmr/m/n/12 стенка открыты. По 3-му правилу старт/финиш переместится по воз
можности
 []


Overfull \hbox (2.28831pt too wide) in paragraph at lines 261--262
\T2A/cmr/bx/n/12 Утверждение. \T2A/cmr/m/it/12 Если клетки $\OML/cmm/m/it/12 A$
 \T2A/cmr/m/it/12 и $\OML/cmm/m/it/12 B$ \T2A/cmr/m/it/12 принадлежат разным ко
мпонентам
 []


Overfull \hbox (32.47922pt too wide) in paragraph at lines 261--262
\T2A/cmr/m/it/12 связности, то на каждом шаге алгоритма, эти клетки будут прина
длежать
 []


Overfull \hbox (17.88667pt too wide) in paragraph at lines 264--265
\T2A/cmr/m/n/12 ранее принадлежащие разным компонентам свяязности теперь принад
лежат
 []


Overfull \hbox (35.34908pt too wide) in paragraph at lines 264--265
\T2A/cmr/m/n/12 одной. Мы покажем, что наши правила исключают возможность присо
единения
 []

[9 <./another_way.png>]
Overfull \hbox (1.57112pt too wide) in paragraph at lines 266--267
\T2A/cmr/m/n/12 возможные конфигурации отщепляемой клетки от компоненты связнос
ти
 []


Overfull \hbox (43.0173pt too wide) in paragraph at lines 266--267
\T2A/cmr/m/n/12 и их состояния при преобразовании. Как видно из рисунка, клетка
 присоединяясь
 []


Overfull \hbox (10.05875pt too wide) in paragraph at lines 266--267
\T2A/cmr/m/n/12 компоненты финиша в компоненту старта. Поэтому единственный вар
иант,
 []

<split.png, id=96, 752.8125pt x 526.96875pt>
File: split.png Graphic file (type png)
<use split.png>
Package pdftex.def Info: split.png  used on input line 270.
(pdftex.def)             Requested size: 312.00119pt x 218.40651pt.
[10 <./split.png>]
Overfull \hbox (8.26178pt too wide) in paragraph at lines 277--278
\T2A/cmr/m/n/12 старт/финиш смещается в клетку(заметим, не содержащую левый вер
хний
 []


Overfull \hbox (16.09312pt too wide) in paragraph at lines 277--278
\T2A/cmr/m/n/12 изолируются от бывших соседей, поэтому слияния компонент не про
исходит.
 []


Overfull \hbox (14.94691pt too wide) in paragraph at lines 286--287
\T2A/cmr/m/n/12 Напомним, что в конце первого пункта мы условились "вкладывать"
данный
 []


Overfull \hbox (54.92314pt too wide) in paragraph at lines 289--290
\T2A/cmr/bx/n/12 Утверждение. \T2A/cmr/m/it/12 На каждом шаге алгоритма количес
тво клеток, принадлежащих
 []


Overfull \hbox (26.65881pt too wide) in paragraph at lines 289--290
\T2A/cmr/m/it/12 лабиринту уменьшается, остальные присоединяются к "кожуху. Алг
оритм
 []


Overfull \hbox (18.69983pt too wide) in paragraph at lines 292--293
\T2A/cmr/m/n/12 Ещј через $\OML/cmm/m/it/12 n$ \T2A/cmr/m/n/12 шагов, лабиринт 
свернјтся в клетку (если до этого не произошло
 []

[11]
<steps.png, id=104, 3161.8125pt x 752.8125pt>
File: steps.png Graphic file (type png)
<use steps.png>
Package pdftex.def Info: steps.png  used on input line 296.
(pdftex.def)             Requested size: 312.00119pt x 74.28629pt.

Overfull \hbox (3.69342pt too wide) in paragraph at lines 304--305
\T2A/cmr/m/n/12 Тем самым мы подтвердили, что алгоритм удовлетворяет условию за
дачи. 
 []


Overfull \hbox (37.4347pt too wide) in paragraph at lines 314--315
[]\T2A/cmr/m/n/12 Рассмотрим произвольный корректный алгоритм, решающий
 []


Overfull \hbox (6.9642pt too wide) in paragraph at lines 314--315
\T2A/cmr/m/n/12 задачу. Запустим его на трјх схожих лабиринтах, отличающихся на
личием
 []


Overfull \hbox (3.86867pt too wide) in paragraph at lines 318--319
[]\T2A/cmr/m/n/12 Обратимся теперь к лабиринту $\OML/cmm/m/it/12 c\OT1/cmr/m/n/
12 )$\T2A/cmr/m/n/12 . Очевидно, в нјм пути не существует.
 []

[12 <./steps.png>]
<unsolved.png, id=109, 752.8125pt x 752.8125pt>
File: unsolved.png Graphic file (type png)
<use unsolved.png>
Package pdftex.def Info: unsolved.png  used on input line 322.
(pdftex.def)             Requested size: 312.00119pt x 312.00931pt.
 [13 <./unsolved.png>] (Р›Р°Р±РёСЂРёРЅС‚.aux) ) 
Here is how much of TeX's memory you used:
 5242 strings out of 494894
 68814 string characters out of 3178612
 135356 words of memory out of 3000000
 8742 multiletter control sequences out of 15000+200000
 14829 words of font info for 40 fonts, out of 3000000 for 9000
 0 hyphenation exceptions out of 8191
 41i,9n,32p,2896b,323s stack positions out of 5000i,500n,10000p,200000b,50000s
 </home/michail/.miktex/texmfs/d
ata/fonts/pk/ljfour/lh/lh-t2a/dpi600/lati1200.pk> </home/michail/.miktex/texmfs
/data/fonts/pk/ljfour/lh/lh-t2a/dpi600/labx1200.pk> </home/michail/.miktex/texm
fs/data/fonts/pk/ljfour/lh/lh-t2a/dpi600/labx1440.pk> </home/michail/.miktex/te
xmfs/data/fonts/pk/ljfour/lh/lh-t2a/dpi600/larm1200.pk> </home/michail/.miktex/
texmfs/data/fonts/pk/ljfour/lh/lh-t2a/dpi600/labx1728.pk></home/michail/.miktex
/texmfs/install/fonts/type1/public/amsfonts/cm/cmmi12.pfb></home/michail/.mikte
x/texmfs/install/fonts/type1/public/amsfonts/cm/cmr12.pfb></home/michail/.mikte
x/texmfs/install/fonts/type1/public/amsfonts/cm/cmr8.pfb></home/michail/.miktex
/texmfs/install/fonts/type1/public/amsfonts/cm/cmsy10.pfb>
Output written on Р›Р°Р±РёСЂРёРЅС‚.pdf (13 pages, 510836 bytes).
PDF statistics:
 334 PDF objects out of 1000 (max. 8388607)
 0 named destinations out of 1000 (max. 500000)
 156 words of extra memory for PDF output out of 10000 (max. 10000000)

